15:04:40.408087000 [INFO ] <sqlx_core::logger:143>:summary="CREATE TABLE IF NOT …" db.statement="\n\nCREATE TABLE IF NOT EXISTS \"seaql_migrations\" ( \"version\" varchar NOT NULL PRIMARY KEY, \"applied_at\" bigint NOT NULL )\n" rows_affected=0 rows_returned=0 elapsed=2.709416ms elapsed_secs=0.002709416
15:04:40.408299000 [INFO ] <sea_orm_migration::migrator:370>:Applying all pending migrations
15:04:40.408581000 [INFO ] <sqlx_core::logger:143>:summary="CREATE TABLE IF NOT …" db.statement="\n\nCREATE TABLE IF NOT EXISTS \"seaql_migrations\" ( \"version\" varchar NOT NULL PRIMARY KEY, \"applied_at\" bigint NOT NULL )\n" rows_affected=0 rows_returned=0 elapsed=251.541µs elapsed_secs=0.000251541
15:04:40.408846000 [INFO ] <sqlx_core::logger:143>:summary="CREATE TABLE IF NOT …" db.statement="\n\nCREATE TABLE IF NOT EXISTS \"seaql_migrations\" ( \"version\" varchar NOT NULL PRIMARY KEY, \"applied_at\" bigint NOT NULL )\n" rows_affected=0 rows_returned=0 elapsed=236.833µs elapsed_secs=0.000236833
15:04:40.409124000 [INFO ] <sqlx_core::logger:143>:summary="CREATE TABLE IF NOT …" db.statement="\n\nCREATE TABLE IF NOT EXISTS \"seaql_migrations\" ( \"version\" varchar NOT NULL PRIMARY KEY, \"applied_at\" bigint NOT NULL )\n" rows_affected=0 rows_returned=0 elapsed=227.375µs elapsed_secs=0.000227375
15:04:40.412810000 [INFO ] <sqlx_core::logger:143>:summary="SELECT \"version\", \"applied_at\" FROM …" db.statement="\n\nSELECT \"version\", \"applied_at\" FROM \"seaql_migrations\" ORDER BY \"version\" ASC\n" rows_affected=1 rows_returned=1 elapsed=3.581125ms elapsed_secs=0.003581125
15:04:40.412935000 [INFO ] <sea_orm_migration::migrator:375>:No pending migrations
15:04:40.413235000 [INFO ] <sqlx_core::logger:143>:summary="COMMIT" db.statement="" rows_affected=0 rows_returned=0 elapsed=269.625µs elapsed_secs=0.000269625
15:04:40.413570000 [INFO ] <actix_server::builder:310>:starting 10 workers
15:04:40.413692000 [INFO ] <actix_server::server:191>:Actix runtime found; starting in Actix runtime
15:04:40.413751000 [INFO ] <actix_server::server:197>:starting service: "actix-web-service-127.0.0.1:8080", workers: 10, listening on: 127.0.0.1:8080
15:04:43.414337000 [INFO ] <actix_server::server:333>:SIGINT received; starting forced shutdown
15:04:43.414805000 [INFO ] <actix_server::worker:593>:shutting down idle worker
15:04:43.415221000 [INFO ] <actix_server::worker:593>:shutting down idle worker
15:04:43.415421000 [INFO ] <actix_server::worker:593>:shutting down idle worker
15:04:43.415570000 [INFO ] <actix_server::accept:143>:accept thread stopped
15:04:43.415907000 [INFO ] <actix_server::worker:593>:shutting down idle worker
15:04:43.416131000 [INFO ] <actix_server::worker:593>:shutting down idle worker
15:04:43.416281000 [INFO ] <actix_server::worker:593>:shutting down idle worker
15:04:43.416429000 [INFO ] <actix_server::worker:593>:shutting down idle worker
15:04:43.416605000 [INFO ] <actix_server::worker:593>:shutting down idle worker
15:04:43.416799000 [INFO ] <actix_server::worker:593>:shutting down idle worker
15:04:43.416969000 [INFO ] <actix_server::worker:593>:shutting down idle worker
